0 info it worked if it ends with ok
1 verbose cli [ '/usr/local/bin/node', '/usr/local/bin/npm', 'publish' ]
2 info using npm@2.14.12
3 info using node@v4.2.6
4 verbose publish [ '.' ]
5 silly cache add args [ '.', null ]
6 verbose cache add spec .
7 silly cache add parsed spec Result {
7 silly cache add   raw: '.',
7 silly cache add   scope: null,
7 silly cache add   name: null,
7 silly cache add   rawSpec: '.',
7 silly cache add   spec: '/Users/fwang1/github/node-red-contrib-kafka-node',
7 silly cache add   type: 'directory' }
8 verbose addLocalDirectory /Users/fwang1/.npm/node-red-contrib-kafka-node/0.1.6/package.tgz not in flight; packing
9 verbose tar pack [ '/Users/fwang1/.npm/node-red-contrib-kafka-node/0.1.6/package.tgz',
9 verbose tar pack   '/Users/fwang1/github/node-red-contrib-kafka-node' ]
10 verbose tarball /Users/fwang1/.npm/node-red-contrib-kafka-node/0.1.6/package.tgz
11 verbose folder /Users/fwang1/github/node-red-contrib-kafka-node
12 info prepublish node-red-contrib-kafka-node@0.1.6
13 verbose addLocalTarball adding from inside cache /Users/fwang1/.npm/node-red-contrib-kafka-node/0.1.6/package.tgz
14 silly cache afterAdd node-red-contrib-kafka-node@0.1.6
15 verbose afterAdd /Users/fwang1/.npm/node-red-contrib-kafka-node/0.1.6/package/package.json not in flight; writing
16 verbose afterAdd /Users/fwang1/.npm/node-red-contrib-kafka-node/0.1.6/package/package.json written
17 silly publish { name: 'node-red-contrib-kafka-node',
17 silly publish   version: '0.1.6',
17 silly publish   description: 'Node-RED nodes of HighLevel Kafka Producer and Consumer',
17 silly publish   dependencies: { 'kafka-node': '>=0.3.2' },
17 silly publish   repository:
17 silly publish    { type: 'git',
17 silly publish      url: 'git+https://github.com/fwang7/node-red-contrib-kafka-node.git' },
17 silly publish   license: 'Apache',
17 silly publish   keywords:
17 silly publish    [ 'node-red',
17 silly publish      'kafka',
17 silly publish      'kafka producer',
17 silly publish      'kafka consumer',
17 silly publish      'nodered',
17 silly publish      'nodered kafka' ],
17 silly publish   'node-red': { nodes: { kafka: 'kafka.js' } },
17 silly publish   author: { name: 'Feng Wang', email: 'desperado.wf@gmail.com' },
17 silly publish   readme: '# Kafka Node\nKafka node can produce/consume the mesasges to/from kafka cluster along with topic(s) on [NodeRED](http://nodered.org).\n\n\n## Install\n\nInstall from [npm](http://npmjs.org)\n```\nnpm install -g node-red-contrib-kafka-node\n```\n\n## Prerequisites\n * Node-RED platform. (see [Node-RED](http://nodered.org/docs/getting-started/installation.html))\n * Kafka cluster (see [Kafka](http://kafka.apache.org/documentation.html#gettingStarted)). \n * Some topics (see [How to create a topic](http://kafka.apache.org/documentation.html#quickstart))\n\n## Usage\n##### Producer Node\n\n![Alt text](https://github.com/fwang7/node-red-contrib-kafka-node/blob/screenshot/imgs/producer.jpg?raw=true "Producer Example")\n\n###### Parameters:\n - ZkQuarum - <i>The ZooKeeper quorum of Kafka cluster.\n - Topics - <i>The topic(s) of message to produce.\n\n##### Consumer Node\n\n![Alt text](https://github.com/fwang7/node-red-contrib-kafka-node/blob/screenshot/imgs/consumer.jpg?raw=true "Consumer Example")\n\n###### Parameters:\n - ZkQuarum - <i>The ZooKeeper quorum of Kafka cluster.\n - Topics - <i>The topic(s) of message to produce.\n - GroupId - <i> The group ID.\n> Group ID is a string that uniquely identifies the group of consumer processes to which this consumer belongs. By setting the same group id multiple processes indicate that they are all part of the same consumer group.\n\n\n## Version\n0.1.5\n\n## Tech\n * [Kafka](http://kafka.apache.org/) - Apache Kafka is publish-subscribe messaging rethought as a distributed commit log.\n * [Zookeeper](https://zookeeper.apache.org/) - ZooKeeper is a centralized service for maintaining configuration information, naming, providing distributed synchronization, and providing group services.\n * [Kafka-Node](https://www.npmjs.com/package/kafka-node) - Kafka-node is a Node.js client with Zookeeper integration for Apache Kafka 0.8.1 and later. \n\n\n## Authors\n* Feng Wang - [desperado.wf@gmail.com](mailto:desperado.wf@gmail.com)\n',
17 silly publish   readmeFilename: 'README.md',
17 silly publish   gitHead: '191cca861565a1b100beecaa3547dfb26b59a8ed',
17 silly publish   bugs: { url: 'https://github.com/fwang7/node-red-contrib-kafka-node/issues' },
17 silly publish   homepage: 'https://github.com/fwang7/node-red-contrib-kafka-node#readme',
17 silly publish   _id: 'node-red-contrib-kafka-node@0.1.6',
17 silly publish   scripts: {},
17 silly publish   _shasum: '59743673b63aaf67eaed200e37464ce12774b223',
17 silly publish   _from: '.' }
18 verbose getPublishConfig undefined
19 silly mapToRegistry name node-red-contrib-kafka-node
20 silly mapToRegistry using default registry
21 silly mapToRegistry registry https://registry.npmjs.org/
22 silly mapToRegistry uri https://registry.npmjs.org/node-red-contrib-kafka-node
23 verbose publish registryBase https://registry.npmjs.org/
24 silly publish uploading /Users/fwang1/.npm/node-red-contrib-kafka-node/0.1.6/package.tgz
25 verbose request uri https://registry.npmjs.org/node-red-contrib-kafka-node
26 verbose request sending authorization for write operation
27 info attempt registry request try #1 at 12:43:33 PM
28 verbose request using bearer token for auth
29 verbose request id 112e7b0787ace326
30 http request PUT https://registry.npmjs.org/node-red-contrib-kafka-node
31 http 403 https://registry.npmjs.org/node-red-contrib-kafka-node
32 verbose headers { 'content-type': 'application/json',
32 verbose headers   'cache-control': 'max-age=300',
32 verbose headers   'content-length': '95',
32 verbose headers   'accept-ranges': 'bytes',
32 verbose headers   date: 'Fri, 19 Aug 2016 19:43:33 GMT',
32 verbose headers   via: '1.1 varnish',
32 verbose headers   connection: 'keep-alive',
32 verbose headers   'x-served-by': 'cache-sjc3131-SJC',
32 verbose headers   'x-cache': 'MISS',
32 verbose headers   'x-cache-hits': '0',
32 verbose headers   'x-timer': 'S1471635813.835178,VS0,VE151',
32 verbose headers   vary: 'Accept-Encoding' }
33 verbose request invalidating /Users/fwang1/.npm/registry.npmjs.org/node-red-contrib-kafka-node on PUT
34 error publish Failed PUT 403
35 verbose stack Error: "You cannot publish over the previously published version 0.1.6." : node-red-contrib-kafka-node
35 verbose stack     at makeError (/usr/local/lib/node_modules/npm/node_modules/npm-registry-client/lib/request.js:264:12)
35 verbose stack     at CachingRegistryClient.<anonymous> (/usr/local/lib/node_modules/npm/node_modules/npm-registry-client/lib/request.js:252:14)
35 verbose stack     at Request._callback (/usr/local/lib/node_modules/npm/node_modules/npm-registry-client/lib/request.js:172:14)
35 verbose stack     at Request.self.callback (/usr/local/lib/node_modules/npm/node_modules/request/request.js:198:22)
35 verbose stack     at emitTwo (events.js:87:13)
35 verbose stack     at Request.emit (events.js:172:7)
35 verbose stack     at Request.<anonymous> (/usr/local/lib/node_modules/npm/node_modules/request/request.js:1082:10)
35 verbose stack     at emitOne (events.js:82:20)
35 verbose stack     at Request.emit (events.js:169:7)
35 verbose stack     at IncomingMessage.<anonymous> (/usr/local/lib/node_modules/npm/node_modules/request/request.js:1009:12)
36 verbose statusCode 403
37 verbose pkgid node-red-contrib-kafka-node
38 verbose cwd /Users/fwang1/github/node-red-contrib-kafka-node
39 error Darwin 15.6.0
40 error argv "/usr/local/bin/node" "/usr/local/bin/npm" "publish"
41 error node v4.2.6
42 error npm  v2.14.12
43 error code E403
44 error "You cannot publish over the previously published version 0.1.6." : node-red-contrib-kafka-node
45 error If you need help, you may report this error at:
45 error     <https://github.com/npm/npm/issues>
46 verbose exit [ 1, true ]
